# JRE version: Java(TM) SE Runtime Environment (25.0.2+10) (build 25.0.2+10-LTS-69)
# Java VM: Java HotSpot(TM) 64-Bit Server VM (25.0.2+10-LTS-69, mixed mode, sharing, tiered, compressed oops, compressed class ptrs, g1 gc, windows-amd64)
GC Precious Log:
 CardTable entry size: 512
 Card Set container configuration: InlinePtr #cards 5 size 8 Array Of Cards #cards 10 size 36 Howl #buckets 4 coarsen threshold 1843 Howl Bitmap #cards 512 size 80 coarsen threshold 460 Card regions per heap region 1 cards per card region 2048
 CPUs: 4 total, 4 available
 Memory: 3975M
 Large Page Support: Disabled
 NUMA Support: Disabled
 Compressed Oops: Enabled (32-bit)
 Heap Region Size: 1M
 Heap Min Capacity: 8M
 Heap Initial Capacity: 64M
 Heap Max Capacity: 994M
 Pre-touch: Disabled
 Parallel Workers: 4
 Concurrent Workers: 1
 Concurrent Refinement Workers: 4
 Periodic GC: Disabled
Heap:
 garbage-first heap   total reserved 1017856K, committed 109568K, used 72792K [0x00000000c1e00000, 0x0000000100000000)
  region size 1024K, 37 young (37888K), 4 survivors (4096K)
GC Heap Usage History (20 events):
Event: 6.247 {heap Before GC invocations=2 (full 0):
 garbage-first heap   total reserved 1017856K, committed 67584K, used 39276K [0x00000000c1e00000, 0x0000000100000000)
  region size 1024K, 35 young (35840K), 3 survivors (3072K)
}
Event: 6.270 {heap After GC invocations=3 (full 0):
 garbage-first heap   total reserved 1017856K, committed 67584K, used 10276K [0x00000000c1e00000, 0x0000000100000000)
  region size 1024K, 5 young (5120K), 5 survivors (5120K)
}
Event: 8.740 {heap Before GC invocations=3 (full 0):
 garbage-first heap   total reserved 1017856K, committed 67584K, used 44068K [0x00000000c1e00000, 0x0000000100000000)
  region size 1024K, 38 young (38912K), 5 survivors (5120K)
}
Event: 8.771 {heap After GC invocations=4 (full 0):
 garbage-first heap   total reserved 1017856K, committed 67584K, used 14550K [0x00000000c1e00000, 0x0000000100000000)
  region size 1024K, 4 young (4096K), 4 survivors (4096K)
}
Event: 11.230 {heap Before GC invocations=4 (full 0):
 garbage-first heap   total reserved 1017856K, committed 67584K, used 48342K [0x00000000c1e00000, 0x0000000100000000)
  region size 1024K, 37 young (37888K), 4 survivors (4096K)
}
Event: 11.244 {heap After GC invocations=5 (full 0):
 garbage-first heap   total reserved 1017856K, committed 67584K, used 15199K [0x00000000c1e00000, 0x0000000100000000)
  region size 1024K, 2 young (2048K), 2 survivors (2048K)
}
Event: 12.027 {heap Before GC invocations=5 (full 0):
 garbage-first heap   total reserved 1017856K, committed 67584K, used 32607K [0x00000000c1e00000, 0x0000000100000000)
  region size 1024K, 12 young (12288K), 2 survivors (2048K)
}
Event: 12.037 {heap After GC invocations=6 (full 0):
 garbage-first heap   total reserved 1017856K, committed 67584K, used 24321K [0x00000000c1e00000, 0x0000000100000000)
  region size 1024K, 3 young (3072K), 3 survivors (3072K)
}
Event: 12.041 {heap Before GC invocations=6 (full 0):
 garbage-first heap   total reserved 1017856K, committed 67584K, used 36609K [0x00000000c1e00000, 0x0000000100000000)
  region size 1024K, 4 young (4096K), 3 survivors (3072K)
}
Event: 12.049 {heap After GC invocations=7 (full 0):
 garbage-first heap   total reserved 1017856K, committed 67584K, used 36461K [0x00000000c1e00000, 0x0000000100000000)
  region size 1024K, 3 young (3072K), 3 survivors (3072K)
}
Event: 13.563 {heap Before GC invocations=8 (full 0):
 garbage-first heap   total reserved 1017856K, committed 83968K, used 72301K [0x00000000c1e00000, 0x0000000100000000)
  region size 1024K, 25 young (25600K), 3 survivors (3072K)
}
Event: 13.575 {heap After GC invocations=9 (full 0):
 garbage-first heap   total reserved 1017856K, committed 83968K, used 17043K [0x00000000c1e00000, 0x0000000100000000)
  region size 1024K, 2 young (2048K), 2 survivors (2048K)
}
Event: 16.313 {heap Before GC invocations=9 (full 0):
 garbage-first heap   total reserved 1017856K, committed 83968K, used 71315K [0x00000000c1e00000, 0x0000000100000000)
  region size 1024K, 49 young (50176K), 2 survivors (2048K)
}
Event: 16.352 {heap After GC invocations=10 (full 0):
 garbage-first heap   total reserved 1017856K, committed 91136K, used 39424K [0x00000000c1e00000, 0x0000000100000000)
  region size 1024K, 7 young (7168K), 7 survivors (7168K)
}
Event: 19.238 {heap Before GC invocations=10 (full 0):
 garbage-first heap   total reserved 1017856K, committed 91136K, used 73216K [0x00000000c1e00000, 0x0000000100000000)
  region size 1024K, 41 young (41984K), 7 survivors (7168K)
}
Event: 19.270 {heap After GC invocations=11 (full 0):
 garbage-first heap   total reserved 1017856K, committed 109568K, used 42496K [0x00000000c1e00000, 0x0000000100000000)
  region size 1024K, 3 young (3072K), 3 survivors (3072K)
}
Event: 19.944 {heap Before GC invocations=11 (full 0):
 garbage-first heap   total reserved 1017856K, committed 109568K, used 52736K [0x00000000c1e00000, 0x0000000100000000)
  region size 1024K, 14 young (14336K), 3 survivors (3072K)
}
Event: 19.959 {heap After GC invocations=12 (full 0):
 garbage-first heap   total reserved 1017856K, committed 109568K, used 42837K [0x00000000c1e00000, 0x0000000100000000)
  region size 1024K, 4 young (4096K), 4 survivors (4096K)
}
Event: 22.736 {heap Before GC invocations=13 (full 0):
 garbage-first heap   total reserved 1017856K, committed 109568K, used 88917K [0x00000000c1e00000, 0x0000000100000000)
  region size 1024K, 52 young (53248K), 4 survivors (4096K)
}
Event: 22.750 {heap After GC invocations=14 (full 0):
 garbage-first heap   total reserved 1017856K, committed 109568K, used 40024K [0x00000000c1e00000, 0x0000000100000000)
  region size 1024K, 4 young (4096K), 4 survivors (4096K)
}

