# JRE version: Java(TM) SE Runtime Environment (25.0.2+10) (build 25.0.2+10-LTS-69)
# Java VM: Java HotSpot(TM) 64-Bit Server VM (25.0.2+10-LTS-69, mixed mode, emulated-client, sharing, tiered, compressed oops, compressed class ptrs, g1 gc, windows-amd64)
GC Precious Log:
 CardTable entry size: 512
 Card Set container configuration: InlinePtr #cards 5 size 8 Array Of Cards #cards 10 size 36 Howl #buckets 4 coarsen threshold 1843 Howl Bitmap #cards 512 size 80 coarsen threshold 460 Card regions per heap region 1 cards per card region 2048
 CPUs: 4 total, 4 available
 Memory: 3975M
 Large Page Support: Disabled
 NUMA Support: Disabled
 Compressed Oops: Enabled (32-bit)
 Heap Region Size: 1M
 Heap Min Capacity: 8M
 Heap Initial Capacity: 64M
 Heap Max Capacity: 994M
 Pre-touch: Disabled
 Parallel Workers: 4
 Concurrent Workers: 1
 Concurrent Refinement Workers: 4
 Periodic GC: Disabled
Heap:
 garbage-first heap   total reserved 1017856K, committed 239616K, used 48607K [0x00000000c1e00000, 0x0000000100000000)
  region size 1024K, 1 young (1024K), 1 survivors (1024K)
GC Heap Usage History (20 events):
Event: 3395.041 {heap After GC invocations=62 (full 3):
 garbage-first heap   total reserved 1017856K, committed 160768K, used 44634K [0x00000000c1e00000, 0x0000000100000000)
  region size 1024K, 1 young (1024K), 1 survivors (1024K)
}
Event: 3444.044 {heap Before GC invocations=63 (full 3):
 garbage-first heap   total reserved 1017856K, committed 153600K, used 50778K [0x00000000c1e00000, 0x0000000100000000)
  region size 1024K, 7 young (7168K), 1 survivors (1024K)
}
Event: 3444.248 {heap After GC invocations=64 (full 3):
 garbage-first heap   total reserved 1017856K, committed 153600K, used 44671K [0x00000000c1e00000, 0x0000000100000000)
  region size 1024K, 1 young (1024K), 1 survivors (1024K)
}
Event: 3488.983 {heap Before GC invocations=64 (full 3):
 garbage-first heap   total reserved 1017856K, committed 153600K, used 50815K [0x00000000c1e00000, 0x0000000100000000)
  region size 1024K, 7 young (7168K), 1 survivors (1024K)
}
Event: 3489.929 {heap After GC invocations=65 (full 3):
 garbage-first heap   total reserved 1017856K, committed 153600K, used 43825K [0x00000000c1e00000, 0x0000000100000000)
  region size 1024K, 1 young (1024K), 1 survivors (1024K)
}
Event: 3537.839 {heap Before GC invocations=65 (full 3):
 garbage-first heap   total reserved 1017856K, committed 153600K, used 49969K [0x00000000c1e00000, 0x0000000100000000)
  region size 1024K, 7 young (7168K), 1 survivors (1024K)
}
Event: 3538.008 {heap After GC invocations=66 (full 3):
 garbage-first heap   total reserved 1017856K, committed 153600K, used 43175K [0x00000000c1e00000, 0x0000000100000000)
  region size 1024K, 1 young (1024K), 1 survivors (1024K)
}
Event: 3793.861 {heap Before GC invocations=66 (full 3):
 garbage-first heap   total reserved 1017856K, committed 153600K, used 93351K [0x00000000c1e00000, 0x0000000100000000)
  region size 1024K, 51 young (52224K), 1 survivors (1024K)
}
Event: 3796.940 {heap After GC invocations=67 (full 3):
 garbage-first heap   total reserved 1017856K, committed 153600K, used 46199K [0x00000000c1e00000, 0x0000000100000000)
  region size 1024K, 3 young (3072K), 3 survivors (3072K)
}
Event: 3799.704 {heap Before GC invocations=67 (full 3):
 garbage-first heap   total reserved 1017856K, committed 153600K, used 50295K [0x00000000c1e00000, 0x0000000100000000)
  region size 1024K, 7 young (7168K), 3 survivors (3072K)
}
Event: 3799.834 {heap After GC invocations=68 (full 3):
 garbage-first heap   total reserved 1017856K, committed 153600K, used 46552K [0x00000000c1e00000, 0x0000000100000000)
  region size 1024K, 1 young (1024K), 1 survivors (1024K)
}
Event: 3803.256 {heap Before GC invocations=68 (full 3):
 garbage-first heap   total reserved 1017856K, committed 153600K, used 52696K [0x00000000c1e00000, 0x0000000100000000)
  region size 1024K, 7 young (7168K), 1 survivors (1024K)
}
Event: 3803.791 {heap After GC invocations=69 (full 3):
 garbage-first heap   total reserved 1017856K, committed 153600K, used 47042K [0x00000000c1e00000, 0x0000000100000000)
  region size 1024K, 1 young (1024K), 1 survivors (1024K)
}
Event: 3804.508 {heap Before GC invocations=69 (full 3):
 garbage-first heap   total reserved 1017856K, committed 153600K, used 53186K [0x00000000c1e00000, 0x0000000100000000)
  region size 1024K, 7 young (7168K), 1 survivors (1024K)
}
Event: 3804.547 {heap After GC invocations=70 (full 3):
 garbage-first heap   total reserved 1017856K, committed 153600K, used 47663K [0x00000000c1e00000, 0x0000000100000000)
  region size 1024K, 1 young (1024K), 1 survivors (1024K)
}
Event: 3817.525 {heap Before GC invocations=71 (full 3):
 garbage-first heap   total reserved 1017856K, committed 153600K, used 53807K [0x00000000c1e00000, 0x0000000100000000)
  region size 1024K, 7 young (7168K), 1 survivors (1024K)
}
Event: 3817.613 {heap After GC invocations=72 (full 3):
 garbage-first heap   total reserved 1017856K, committed 153600K, used 48333K [0x00000000c1e00000, 0x0000000100000000)
  region size 1024K, 1 young (1024K), 1 survivors (1024K)
}
Event: 3818.198 {heap Before GC invocations=72 (full 3):
 garbage-first heap   total reserved 1017856K, committed 153600K, used 54477K [0x00000000c1e00000, 0x0000000100000000)
  region size 1024K, 7 young (7168K), 1 survivors (1024K)
}
Event: 3818.216 {heap After GC invocations=73 (full 3):
 garbage-first heap   total reserved 1017856K, committed 153600K, used 49064K [0x00000000c1e00000, 0x0000000100000000)
  region size 1024K, 1 young (1024K), 1 survivors (1024K)
}
Event: 3818.514 {heap Before GC invocations=73 (full 3):
 garbage-first heap   total reserved 1017856K, committed 153600K, used 55208K [0x00000000c1e00000, 0x0000000100000000)
  region size 1024K, 7 young (7168K), 1 survivors (1024K)
}

