# JRE version: OpenJDK Runtime Environment Temurin-21.0.9+10 (21.0.9+10) (build 21.0.9+10-LTS)
# Java VM: OpenJDK 64-Bit Server VM Temurin-21.0.9+10 (21.0.9+10-LTS, mixed mode, sharing, tiered, compressed oops, compressed class ptrs, parallel gc, windows-amd64)
GC Precious Log:
 CardTable entry size: 512
 CPUs: 4 total, 4 available
 Memory: 3975M
 Large Page Support: Disabled
 NUMA Support: Disabled
 Compressed Oops: Enabled (32-bit)
 Alignments: Space 512K, Generation 512K, Heap 2M
 Heap Min Capacity: 100M
 Heap Initial Capacity: 100M
 Heap Max Capacity: 2G
 Pre-touch: Disabled
 Parallel Workers: 4
Heap:
 PSYoungGen      total 1024K, used 285K [0x00000000d5580000, 0x00000000d5800000, 0x0000000100000000)
  eden space 512K, 30% used [0x00000000d5580000,0x00000000d55a7558,0x00000000d5600000)
  from space 512K, 25% used [0x00000000d5600000,0x00000000d5620000,0x00000000d5680000)
  to   space 512K, 0% used [0x00000000d5780000,0x00000000d5780000,0x00000000d5800000)
 ParOldGen       total 225792K, used 225436K [0x0000000080000000, 0x000000008dc80000, 0x00000000d5580000)
  object space 225792K, 99% used [0x0000000080000000,0x000000008dc27058,0x000000008dc80000)
 Metaspace       used 68877K, committed 70528K, reserved 1114112K
  class space    used 6875K, committed 7616K, reserved 1048576K
GC Heap History (20 events):
Event: 5056.327 GC heap before
{Heap before GC invocations=487 (full 4):
 PSYoungGen      total 1024K, used 687K [0x00000000d5580000, 0x00000000d5800000, 0x0000000100000000)
  eden space 512K, 99% used [0x00000000d5580000,0x00000000d55fffd8,0x00000000d5600000)
  from space 512K, 34% used [0x00000000d5600000,0x00000000d562c010,0x00000000d5680000)
  to   space 512K, 0% used [0x00000000d5780000,0x00000000d5780000,0x00000000d5800000)
 ParOldGen       total 225280K, used 225076K [0x0000000080000000, 0x000000008dc00000, 0x00000000d5580000)
  object space 225280K, 99% used [0x0000000080000000,0x000000008dbcd058,0x000000008dc00000)
 Metaspace       used 68839K, committed 70528K, reserved 1114112K
  class space    used 6875K, committed 7616K, reserved 1048576K
}
Event: 5058.647 GC heap after
{Heap after GC invocations=487 (full 4):
 PSYoungGen      total 1024K, used 96K [0x00000000d5580000, 0x00000000d5800000, 0x0000000100000000)
  eden space 512K, 0% used [0x00000000d5580000,0x00000000d5580000,0x00000000d5600000)
  from space 512K, 18% used [0x00000000d5780000,0x00000000d5798000,0x00000000d5800000)
  to   space 512K, 0% used [0x00000000d5600000,0x00000000d5600000,0x00000000d5680000)
 ParOldGen       total 225280K, used 225108K [0x0000000080000000, 0x000000008dc00000, 0x00000000d5580000)
  object space 225280K, 99% used [0x0000000080000000,0x000000008dbd5058,0x000000008dc00000)
 Metaspace       used 68839K, committed 70528K, reserved 1114112K
  class space    used 6875K, committed 7616K, reserved 1048576K
}
Event: 5062.959 GC heap before
{Heap before GC invocations=488 (full 4):
 PSYoungGen      total 1024K, used 607K [0x00000000d5580000, 0x00000000d5800000, 0x0000000100000000)
  eden space 512K, 99% used [0x00000000d5580000,0x00000000d55ffff8,0x00000000d5600000)
  from space 512K, 18% used [0x00000000d5780000,0x00000000d5798000,0x00000000d5800000)
  to   space 512K, 0% used [0x00000000d5600000,0x00000000d5600000,0x00000000d5680000)
 ParOldGen       total 225280K, used 225108K [0x0000000080000000, 0x000000008dc00000, 0x00000000d5580000)
  object space 225280K, 99% used [0x0000000080000000,0x000000008dbd5058,0x000000008dc00000)
 Metaspace       used 68848K, committed 70528K, reserved 1114112K
  class space    used 6875K, committed 7616K, reserved 1048576K
}
Event: 5063.010 GC heap after
{Heap after GC invocations=488 (full 4):
 PSYoungGen      total 1024K, used 128K [0x00000000d5580000, 0x00000000d5800000, 0x0000000100000000)
  eden space 512K, 0% used [0x00000000d5580000,0x00000000d5580000,0x00000000d5600000)
  from space 512K, 25% used [0x00000000d5600000,0x00000000d5620000,0x00000000d5680000)
  to   space 512K, 0% used [0x00000000d5780000,0x00000000d5780000,0x00000000d5800000)
 ParOldGen       total 225280K, used 225140K [0x0000000080000000, 0x000000008dc00000, 0x00000000d5580000)
  object space 225280K, 99% used [0x0000000080000000,0x000000008dbdd058,0x000000008dc00000)
 Metaspace       used 68848K, committed 70528K, reserved 1114112K
  class space    used 6875K, committed 7616K, reserved 1048576K
}
Event: 5063.518 GC heap before
{Heap before GC invocations=489 (full 4):
 PSYoungGen      total 1024K, used 640K [0x00000000d5580000, 0x00000000d5800000, 0x0000000100000000)
  eden space 512K, 100% used [0x00000000d5580000,0x00000000d5600000,0x00000000d5600000)
  from space 512K, 25% used [0x00000000d5600000,0x00000000d5620000,0x00000000d5680000)
  to   space 512K, 0% used [0x00000000d5780000,0x00000000d5780000,0x00000000d5800000)
 ParOldGen       total 225280K, used 225140K [0x0000000080000000, 0x000000008dc00000, 0x00000000d5580000)
  object space 225280K, 99% used [0x0000000080000000,0x000000008dbdd058,0x000000008dc00000)
 Metaspace       used 68848K, committed 70528K, reserved 1114112K
  class space    used 6875K, committed 7616K, reserved 1048576K
}
Event: 5063.523 GC heap after
{Heap after GC invocations=489 (full 4):
 PSYoungGen      total 1024K, used 160K [0x00000000d5580000, 0x00000000d5800000, 0x0000000100000000)
  eden space 512K, 0% used [0x00000000d5580000,0x00000000d5580000,0x00000000d5600000)
  from space 512K, 31% used [0x00000000d5780000,0x00000000d57a8000,0x00000000d5800000)
  to   space 512K, 0% used [0x00000000d5600000,0x00000000d5600000,0x00000000d5680000)
 ParOldGen       total 225280K, used 225212K [0x0000000080000000, 0x000000008dc00000, 0x00000000d5580000)
  object space 225280K, 99% used [0x0000000080000000,0x000000008dbef058,0x000000008dc00000)
 Metaspace       used 68848K, committed 70528K, reserved 1114112K
  class space    used 6875K, committed 7616K, reserved 1048576K
}
Event: 5065.961 GC heap before
{Heap before GC invocations=490 (full 4):
 PSYoungGen      total 1024K, used 671K [0x00000000d5580000, 0x00000000d5800000, 0x0000000100000000)
  eden space 512K, 99% used [0x00000000d5580000,0x00000000d55fffd0,0x00000000d5600000)
  from space 512K, 31% used [0x00000000d5780000,0x00000000d57a8000,0x00000000d5800000)
  to   space 512K, 0% used [0x00000000d5600000,0x00000000d5600000,0x00000000d5680000)
 ParOldGen       total 225280K, used 225212K [0x0000000080000000, 0x000000008dc00000, 0x00000000d5580000)
  object space 225280K, 99% used [0x0000000080000000,0x000000008dbef058,0x000000008dc00000)
 Metaspace       used 68849K, committed 70528K, reserved 1114112K
  class space    used 6875K, committed 7616K, reserved 1048576K
}
Event: 5065.986 GC heap after
{Heap after GC invocations=490 (full 4):
 PSYoungGen      total 1024K, used 224K [0x00000000d5580000, 0x00000000d5800000, 0x0000000100000000)
  eden space 512K, 0% used [0x00000000d5580000,0x00000000d5580000,0x00000000d5600000)
  from space 512K, 43% used [0x00000000d5600000,0x00000000d5638000,0x00000000d5680000)
  to   space 512K, 0% used [0x00000000d5780000,0x00000000d5780000,0x00000000d5800000)
 ParOldGen       total 225280K, used 225228K [0x0000000080000000, 0x000000008dc00000, 0x00000000d5580000)
  object space 225280K, 99% used [0x0000000080000000,0x000000008dbf3058,0x000000008dc00000)
 Metaspace       used 68849K, committed 70528K, reserved 1114112K
  class space    used 6875K, committed 7616K, reserved 1048576K
}
Event: 5066.675 GC heap before
{Heap before GC invocations=491 (full 4):
 PSYoungGen      total 1024K, used 735K [0x00000000d5580000, 0x00000000d5800000, 0x0000000100000000)
  eden space 512K, 99% used [0x00000000d5580000,0x00000000d55fffe8,0x00000000d5600000)
  from space 512K, 43% used [0x00000000d5600000,0x00000000d5638000,0x00000000d5680000)
  to   space 512K, 0% used [0x00000000d5780000,0x00000000d5780000,0x00000000d5800000)
 ParOldGen       total 225280K, used 225228K [0x0000000080000000, 0x000000008dc00000, 0x00000000d5580000)
  object space 225280K, 99% used [0x0000000080000000,0x000000008dbf3058,0x000000008dc00000)
 Metaspace       used 68849K, committed 70528K, reserved 1114112K
  class space    used 6875K, committed 7616K, reserved 1048576K
}
Event: 5066.695 GC heap after
{Heap after GC invocations=491 (full 4):
 PSYoungGen      total 1024K, used 128K [0x00000000d5580000, 0x00000000d5800000, 0x0000000100000000)
  eden space 512K, 0% used [0x00000000d5580000,0x00000000d5580000,0x00000000d5600000)
  from space 512K, 25% used [0x00000000d5780000,0x00000000d57a0000,0x00000000d5800000)
  to   space 512K, 0% used [0x00000000d5600000,0x00000000d5600000,0x00000000d5680000)
 ParOldGen       total 225792K, used 225324K [0x0000000080000000, 0x000000008dc80000, 0x00000000d5580000)
  object space 225792K, 99% used [0x0000000080000000,0x000000008dc0b058,0x000000008dc80000)
 Metaspace       used 68849K, committed 70528K, reserved 1114112K
  class space    used 6875K, committed 7616K, reserved 1048576K
}
Event: 5066.733 GC heap before
{Heap before GC invocations=492 (full 4):
 PSYoungGen      total 1024K, used 639K [0x00000000d5580000, 0x00000000d5800000, 0x0000000100000000)
  eden space 512K, 99% used [0x00000000d5580000,0x00000000d55ffff0,0x00000000d5600000)
  from space 512K, 25% used [0x00000000d5780000,0x00000000d57a0000,0x00000000d5800000)
  to   space 512K, 0% used [0x00000000d5600000,0x00000000d5600000,0x00000000d5680000)
 ParOldGen       total 225792K, used 225324K [0x0000000080000000, 0x000000008dc80000, 0x00000000d5580000)
  object space 225792K, 99% used [0x0000000080000000,0x000000008dc0b058,0x000000008dc80000)
 Metaspace       used 68850K, committed 70528K, reserved 1114112K
  class space    used 6875K, committed 7616K, reserved 1048576K
}
Event: 5066.740 GC heap after
{Heap after GC invocations=492 (full 4):
 PSYoungGen      total 1024K, used 160K [0x00000000d5580000, 0x00000000d5800000, 0x0000000100000000)
  eden space 512K, 0% used [0x00000000d5580000,0x00000000d5580000,0x00000000d5600000)
  from space 512K, 31% used [0x00000000d5600000,0x00000000d5628000,0x00000000d5680000)
  to   space 512K, 0% used [0x00000000d5780000,0x00000000d5780000,0x00000000d5800000)
 ParOldGen       total 225792K, used 225332K [0x0000000080000000, 0x000000008dc80000, 0x00000000d5580000)
  object space 225792K, 99% used [0x0000000080000000,0x000000008dc0d058,0x000000008dc80000)
 Metaspace       used 68850K, committed 70528K, reserved 1114112K
  class space    used 6875K, committed 7616K, reserved 1048576K
}
Event: 5067.130 GC heap before
{Heap before GC invocations=493 (full 4):
 PSYoungGen      total 1024K, used 672K [0x00000000d5580000, 0x00000000d5800000, 0x0000000100000000)
  eden space 512K, 100% used [0x00000000d5580000,0x00000000d5600000,0x00000000d5600000)
  from space 512K, 31% used [0x00000000d5600000,0x00000000d5628000,0x00000000d5680000)
  to   space 512K, 0% used [0x00000000d5780000,0x00000000d5780000,0x00000000d5800000)
 ParOldGen       total 225792K, used 225332K [0x0000000080000000, 0x000000008dc80000, 0x00000000d5580000)
  object space 225792K, 99% used [0x0000000080000000,0x000000008dc0d058,0x000000008dc80000)
 Metaspace       used 68851K, committed 70528K, reserved 1114112K
  class space    used 6875K, committed 7616K, reserved 1048576K
}
Event: 5067.188 GC heap after
{Heap after GC invocations=493 (full 4):
 PSYoungGen      total 1024K, used 128K [0x00000000d5580000, 0x00000000d5800000, 0x0000000100000000)
  eden space 512K, 0% used [0x00000000d5580000,0x00000000d5580000,0x00000000d5600000)
  from space 512K, 25% used [0x00000000d5780000,0x00000000d57a0000,0x00000000d5800000)
  to   space 512K, 0% used [0x00000000d5600000,0x00000000d5600000,0x00000000d5680000)
 ParOldGen       total 225792K, used 225348K [0x0000000080000000, 0x000000008dc80000, 0x00000000d5580000)
  object space 225792K, 99% used [0x0000000080000000,0x000000008dc11058,0x000000008dc80000)
 Metaspace       used 68851K, committed 70528K, reserved 1114112K
  class space    used 6875K, committed 7616K, reserved 1048576K
}
Event: 5067.651 GC heap before
{Heap before GC invocations=494 (full 4):
 PSYoungGen      total 1024K, used 640K [0x00000000d5580000, 0x00000000d5800000, 0x0000000100000000)
  eden space 512K, 100% used [0x00000000d5580000,0x00000000d5600000,0x00000000d5600000)
  from space 512K, 25% used [0x00000000d5780000,0x00000000d57a0000,0x00000000d5800000)
  to   space 512K, 0% used [0x00000000d5600000,0x00000000d5600000,0x00000000d5680000)
 ParOldGen       total 225792K, used 225348K [0x0000000080000000, 0x000000008dc80000, 0x00000000d5580000)
  object space 225792K, 99% used [0x0000000080000000,0x000000008dc11058,0x000000008dc80000)
 Metaspace       used 68851K, committed 70528K, reserved 1114112K
  class space    used 6875K, committed 7616K, reserved 1048576K
}
Event: 5067.656 GC heap after
{Heap after GC invocations=494 (full 4):
 PSYoungGen      total 1024K, used 128K [0x00000000d5580000, 0x00000000d5800000, 0x0000000100000000)
  eden space 512K, 0% used [0x00000000d5580000,0x00000000d5580000,0x00000000d5600000)
  from space 512K, 25% used [0x00000000d5600000,0x00000000d5620000,0x00000000d5680000)
  to   space 512K, 0% used [0x00000000d5780000,0x00000000d5780000,0x00000000d5800000)
 ParOldGen       total 225792K, used 225388K [0x0000000080000000, 0x000000008dc80000, 0x00000000d5580000)
  object space 225792K, 99% used [0x0000000080000000,0x000000008dc1b058,0x000000008dc80000)
 Metaspace       used 68851K, committed 70528K, reserved 1114112K
  class space    used 6875K, committed 7616K, reserved 1048576K
}
Event: 5067.752 GC heap before
{Heap before GC invocations=495 (full 4):
 PSYoungGen      total 1024K, used 640K [0x00000000d5580000, 0x00000000d5800000, 0x0000000100000000)
  eden space 512K, 100% used [0x00000000d5580000,0x00000000d5600000,0x00000000d5600000)
  from space 512K, 25% used [0x00000000d5600000,0x00000000d5620000,0x00000000d5680000)
  to   space 512K, 0% used [0x00000000d5780000,0x00000000d5780000,0x00000000d5800000)
 ParOldGen       total 225792K, used 225388K [0x0000000080000000, 0x000000008dc80000, 0x00000000d5580000)
  object space 225792K, 99% used [0x0000000080000000,0x000000008dc1b058,0x000000008dc80000)
 Metaspace       used 68851K, committed 70528K, reserved 1114112K
  class space    used 6875K, committed 7616K, reserved 1048576K
}
Event: 5067.755 GC heap after
{Heap after GC invocations=495 (full 4):
 PSYoungGen      total 1024K, used 128K [0x00000000d5580000, 0x00000000d5800000, 0x0000000100000000)
  eden space 512K, 0% used [0x00000000d5580000,0x00000000d5580000,0x00000000d5600000)
  from space 512K, 25% used [0x00000000d5780000,0x00000000d57a0000,0x00000000d5800000)
  to   space 512K, 0% used [0x00000000d5600000,0x00000000d5600000,0x00000000d5680000)
 ParOldGen       total 225792K, used 225412K [0x0000000080000000, 0x000000008dc80000, 0x00000000d5580000)
  object space 225792K, 99% used [0x0000000080000000,0x000000008dc21058,0x000000008dc80000)
 Metaspace       used 68851K, committed 70528K, reserved 1114112K
  class space    used 6875K, committed 7616K, reserved 1048576K
}
Event: 5067.812 GC heap before
{Heap before GC invocations=496 (full 4):
 PSYoungGen      total 1024K, used 640K [0x00000000d5580000, 0x00000000d5800000, 0x0000000100000000)
  eden space 512K, 100% used [0x00000000d5580000,0x00000000d5600000,0x00000000d5600000)
  from space 512K, 25% used [0x00000000d5780000,0x00000000d57a0000,0x00000000d5800000)
  to   space 512K, 0% used [0x00000000d5600000,0x00000000d5600000,0x00000000d5680000)
 ParOldGen       total 225792K, used 225412K [0x0000000080000000, 0x000000008dc80000, 0x00000000d5580000)
  object space 225792K, 99% used [0x0000000080000000,0x000000008dc21058,0x000000008dc80000)
 Metaspace       used 68851K, committed 70528K, reserved 1114112K
  class space    used 6875K, committed 7616K, reserved 1048576K
}
Event: 5067.819 GC heap after
{Heap after GC invocations=496 (full 4):
 PSYoungGen      total 1024K, used 128K [0x00000000d5580000, 0x00000000d5800000, 0x0000000100000000)
  eden space 512K, 0% used [0x00000000d5580000,0x00000000d5580000,0x00000000d5600000)
  from space 512K, 25% used [0x00000000d5600000,0x00000000d5620000,0x00000000d5680000)
  to   space 512K, 0% used [0x00000000d5780000,0x00000000d5780000,0x00000000d5800000)
 ParOldGen       total 225792K, used 225436K [0x0000000080000000, 0x000000008dc80000, 0x00000000d5580000)
  object space 225792K, 99% used [0x0000000080000000,0x000000008dc27058,0x000000008dc80000)
 Metaspace       used 68851K, committed 70528K, reserved 1114112K
  class space    used 6875K, committed 7616K, reserved 1048576K
}

