# JRE version: OpenJDK Runtime Environment Temurin-21.0.9+10 (21.0.9+10) (build 21.0.9+10-LTS)
# Java VM: OpenJDK 64-Bit Server VM Temurin-21.0.9+10 (21.0.9+10-LTS, mixed mode, sharing, tiered, compressed oops, compressed class ptrs, parallel gc, windows-amd64)
GC Precious Log:
 CardTable entry size: 512
 CPUs: 4 total, 4 available
 Memory: 3975M
 Large Page Support: Disabled
 NUMA Support: Disabled
 Compressed Oops: Enabled (32-bit)
 Alignments: Space 512K, Generation 512K, Heap 2M
 Heap Min Capacity: 100M
 Heap Initial Capacity: 100M
 Heap Max Capacity: 2G
 Pre-touch: Disabled
 Parallel Workers: 4
Heap:
 PSYoungGen      total 5120K, used 3892K [0x00000000d5580000, 0x00000000d5b80000, 0x0000000100000000)
  eden space 4096K, 82% used [0x00000000d5580000,0x00000000d58cd338,0x00000000d5980000)
  from space 1024K, 50% used [0x00000000d5a80000,0x00000000d5b00000,0x00000000d5b80000)
  to   space 1024K, 0% used [0x00000000d5980000,0x00000000d5980000,0x00000000d5a80000)
 ParOldGen       total 279040K, used 278658K [0x0000000080000000, 0x0000000091080000, 0x00000000d5580000)
  object space 279040K, 99% used [0x0000000080000000,0x0000000091020ad8,0x0000000091080000)
 Metaspace       used 83162K, committed 84736K, reserved 1179648K
  class space    used 8222K, committed 9024K, reserved 1048576K
GC Heap History (20 events):
Event: 4192.516 GC heap before
{Heap before GC invocations=2944 (full 7):
 PSYoungGen      total 5120K, used 5092K [0x00000000d5580000, 0x00000000d6080000, 0x0000000100000000)
  eden space 4096K, 100% used [0x00000000d5580000,0x00000000d5980000,0x00000000d5980000)
  from space 1024K, 97% used [0x00000000d5e00000,0x00000000d5ef9130,0x00000000d5f00000)
  to   space 3584K, 0% used [0x00000000d5980000,0x00000000d5980000,0x00000000d5d00000)
 ParOldGen       total 269312K, used 269028K [0x0000000080000000, 0x0000000090700000, 0x00000000d5580000)
  object space 269312K, 99% used [0x0000000080000000,0x00000000906b93e0,0x0000000090700000)
 Metaspace       used 83109K, committed 84672K, reserved 1179648K
  class space    used 8222K, committed 9024K, reserved 1048576K
}
Event: 4192.538 GC heap after
{Heap after GC invocations=2944 (full 7):
 PSYoungGen      total 6144K, used 1541K [0x00000000d5580000, 0x00000000d5e80000, 0x0000000100000000)
  eden space 4096K, 0% used [0x00000000d5580000,0x00000000d5580000,0x00000000d5980000)
  from space 2048K, 75% used [0x00000000d5980000,0x00000000d5b016e0,0x00000000d5b80000)
  to   space 2560K, 0% used [0x00000000d5c00000,0x00000000d5c00000,0x00000000d5e80000)
 ParOldGen       total 270336K, used 270022K [0x0000000080000000, 0x0000000090800000, 0x00000000d5580000)
  object space 270336K, 99% used [0x0000000080000000,0x00000000907b1898,0x0000000090800000)
 Metaspace       used 83109K, committed 84672K, reserved 1179648K
  class space    used 8222K, committed 9024K, reserved 1048576K
}
Event: 4192.671 GC heap before
{Heap before GC invocations=2945 (full 7):
 PSYoungGen      total 6144K, used 5637K [0x00000000d5580000, 0x00000000d5e80000, 0x0000000100000000)
  eden space 4096K, 100% used [0x00000000d5580000,0x00000000d5980000,0x00000000d5980000)
  from space 2048K, 75% used [0x00000000d5980000,0x00000000d5b016e0,0x00000000d5b80000)
  to   space 2560K, 0% used [0x00000000d5c00000,0x00000000d5c00000,0x00000000d5e80000)
 ParOldGen       total 270336K, used 270022K [0x0000000080000000, 0x0000000090800000, 0x00000000d5580000)
  object space 270336K, 99% used [0x0000000080000000,0x00000000907b1898,0x0000000090800000)
 Metaspace       used 83109K, committed 84672K, reserved 1179648K
  class space    used 8222K, committed 9024K, reserved 1048576K
}
Event: 4192.692 GC heap after
{Heap after GC invocations=2945 (full 7):
 PSYoungGen      total 5120K, used 674K [0x00000000d5580000, 0x00000000d5d00000, 0x0000000100000000)
  eden space 4096K, 0% used [0x00000000d5580000,0x00000000d5580000,0x00000000d5980000)
  from space 1024K, 65% used [0x00000000d5c00000,0x00000000d5ca8940,0x00000000d5d00000)
  to   space 1536K, 0% used [0x00000000d5a00000,0x00000000d5a00000,0x00000000d5b80000)
 ParOldGen       total 271872K, used 271485K [0x0000000080000000, 0x0000000090980000, 0x00000000d5580000)
  object space 271872K, 99% used [0x0000000080000000,0x000000009091f508,0x0000000090980000)
 Metaspace       used 83109K, committed 84672K, reserved 1179648K
  class space    used 8222K, committed 9024K, reserved 1048576K
}
Event: 4192.874 GC heap before
{Heap before GC invocations=2946 (full 7):
 PSYoungGen      total 5120K, used 4770K [0x00000000d5580000, 0x00000000d5d00000, 0x0000000100000000)
  eden space 4096K, 100% used [0x00000000d5580000,0x00000000d5980000,0x00000000d5980000)
  from space 1024K, 65% used [0x00000000d5c00000,0x00000000d5ca8940,0x00000000d5d00000)
  to   space 1536K, 0% used [0x00000000d5a00000,0x00000000d5a00000,0x00000000d5b80000)
 ParOldGen       total 271872K, used 271485K [0x0000000080000000, 0x0000000090980000, 0x00000000d5580000)
  object space 271872K, 99% used [0x0000000080000000,0x000000009091f508,0x0000000090980000)
 Metaspace       used 83113K, committed 84672K, reserved 1179648K
  class space    used 8222K, committed 9024K, reserved 1048576K
}
Event: 4192.887 GC heap after
{Heap after GC invocations=2946 (full 7):
 PSYoungGen      total 5632K, used 681K [0x00000000d5580000, 0x00000000d5c80000, 0x0000000100000000)
  eden space 4096K, 0% used [0x00000000d5580000,0x00000000d5580000,0x00000000d5980000)
  from space 1536K, 44% used [0x00000000d5a00000,0x00000000d5aaa540,0x00000000d5b80000)
  to   space 1024K, 0% used [0x00000000d5b80000,0x00000000d5b80000,0x00000000d5c80000)
 ParOldGen       total 272384K, used 272073K [0x0000000080000000, 0x0000000090a00000, 0x00000000d5580000)
  object space 272384K, 99% used [0x0000000080000000,0x00000000909b2790,0x0000000090a00000)
 Metaspace       used 83113K, committed 84672K, reserved 1179648K
  class space    used 8222K, committed 9024K, reserved 1048576K
}
Event: 4192.992 GC heap before
{Heap before GC invocations=2947 (full 7):
 PSYoungGen      total 5632K, used 4777K [0x00000000d5580000, 0x00000000d5c80000, 0x0000000100000000)
  eden space 4096K, 99% used [0x00000000d5580000,0x00000000d597ffe8,0x00000000d5980000)
  from space 1536K, 44% used [0x00000000d5a00000,0x00000000d5aaa540,0x00000000d5b80000)
  to   space 1024K, 0% used [0x00000000d5b80000,0x00000000d5b80000,0x00000000d5c80000)
 ParOldGen       total 272384K, used 272073K [0x0000000080000000, 0x0000000090a00000, 0x00000000d5580000)
  object space 272384K, 99% used [0x0000000080000000,0x00000000909b2790,0x0000000090a00000)
 Metaspace       used 83113K, committed 84672K, reserved 1179648K
  class space    used 8222K, committed 9024K, reserved 1048576K
}
Event: 4192.998 GC heap after
{Heap after GC invocations=2947 (full 7):
 PSYoungGen      total 5120K, used 1018K [0x00000000d5580000, 0x00000000d5d80000, 0x0000000100000000)
  eden space 4096K, 0% used [0x00000000d5580000,0x00000000d5580000,0x00000000d5980000)
  from space 1024K, 99% used [0x00000000d5b80000,0x00000000d5c7eb20,0x00000000d5c80000)
  to   space 2048K, 0% used [0x00000000d5980000,0x00000000d5980000,0x00000000d5b80000)
 ParOldGen       total 272896K, used 272791K [0x0000000080000000, 0x0000000090a80000, 0x00000000d5580000)
  object space 272896K, 99% used [0x0000000080000000,0x0000000090a65d60,0x0000000090a80000)
 Metaspace       used 83113K, committed 84672K, reserved 1179648K
  class space    used 8222K, committed 9024K, reserved 1048576K
}
Event: 4193.131 GC heap before
{Heap before GC invocations=2948 (full 7):
 PSYoungGen      total 5120K, used 5114K [0x00000000d5580000, 0x00000000d5d80000, 0x0000000100000000)
  eden space 4096K, 100% used [0x00000000d5580000,0x00000000d5980000,0x00000000d5980000)
  from space 1024K, 99% used [0x00000000d5b80000,0x00000000d5c7eb20,0x00000000d5c80000)
  to   space 2048K, 0% used [0x00000000d5980000,0x00000000d5980000,0x00000000d5b80000)
 ParOldGen       total 272896K, used 272791K [0x0000000080000000, 0x0000000090a80000, 0x00000000d5580000)
  object space 272896K, 99% used [0x0000000080000000,0x0000000090a65d60,0x0000000090a80000)
 Metaspace       used 83113K, committed 84672K, reserved 1179648K
  class space    used 8222K, committed 9024K, reserved 1048576K
}
Event: 4193.149 GC heap after
{Heap after GC invocations=2948 (full 7):
 PSYoungGen      total 5632K, used 1272K [0x00000000d5580000, 0x00000000d5c80000, 0x0000000100000000)
  eden space 4096K, 0% used [0x00000000d5580000,0x00000000d5580000,0x00000000d5980000)
  from space 1536K, 82% used [0x00000000d5980000,0x00000000d5abe190,0x00000000d5b00000)
  to   space 1536K, 0% used [0x00000000d5b00000,0x00000000d5b00000,0x00000000d5c80000)
 ParOldGen       total 273920K, used 273733K [0x0000000080000000, 0x0000000090b80000, 0x00000000d5580000)
  object space 273920K, 99% used [0x0000000080000000,0x0000000090b51570,0x0000000090b80000)
 Metaspace       used 83113K, committed 84672K, reserved 1179648K
  class space    used 8222K, committed 9024K, reserved 1048576K
}
Event: 4193.222 GC heap before
{Heap before GC invocations=2949 (full 7):
 PSYoungGen      total 5632K, used 5368K [0x00000000d5580000, 0x00000000d5c80000, 0x0000000100000000)
  eden space 4096K, 100% used [0x00000000d5580000,0x00000000d5980000,0x00000000d5980000)
  from space 1536K, 82% used [0x00000000d5980000,0x00000000d5abe190,0x00000000d5b00000)
  to   space 1536K, 0% used [0x00000000d5b00000,0x00000000d5b00000,0x00000000d5c80000)
 ParOldGen       total 273920K, used 273733K [0x0000000080000000, 0x0000000090b80000, 0x00000000d5580000)
  object space 273920K, 99% used [0x0000000080000000,0x0000000090b51570,0x0000000090b80000)
 Metaspace       used 83113K, committed 84672K, reserved 1179648K
  class space    used 8222K, committed 9024K, reserved 1048576K
}
Event: 4193.231 GC heap after
{Heap after GC invocations=2949 (full 7):
 PSYoungGen      total 5632K, used 1268K [0x00000000d5580000, 0x00000000d5c80000, 0x0000000100000000)
  eden space 4096K, 0% used [0x00000000d5580000,0x00000000d5580000,0x00000000d5980000)
  from space 1536K, 82% used [0x00000000d5b00000,0x00000000d5c3d200,0x00000000d5c80000)
  to   space 1536K, 0% used [0x00000000d5980000,0x00000000d5980000,0x00000000d5b00000)
 ParOldGen       total 274944K, used 274934K [0x0000000080000000, 0x0000000090c80000, 0x00000000d5580000)
  object space 274944K, 99% used [0x0000000080000000,0x0000000090c7d9d0,0x0000000090c80000)
 Metaspace       used 83113K, committed 84672K, reserved 1179648K
  class space    used 8222K, committed 9024K, reserved 1048576K
}
Event: 4193.280 GC heap before
{Heap before GC invocations=2950 (full 7):
 PSYoungGen      total 5632K, used 5364K [0x00000000d5580000, 0x00000000d5c80000, 0x0000000100000000)
  eden space 4096K, 100% used [0x00000000d5580000,0x00000000d5980000,0x00000000d5980000)
  from space 1536K, 82% used [0x00000000d5b00000,0x00000000d5c3d200,0x00000000d5c80000)
  to   space 1536K, 0% used [0x00000000d5980000,0x00000000d5980000,0x00000000d5b00000)
 ParOldGen       total 274944K, used 274934K [0x0000000080000000, 0x0000000090c80000, 0x00000000d5580000)
  object space 274944K, 99% used [0x0000000080000000,0x0000000090c7d9d0,0x0000000090c80000)
 Metaspace       used 83116K, committed 84672K, reserved 1179648K
  class space    used 8222K, committed 9024K, reserved 1048576K
}
Event: 4193.289 GC heap after
{Heap after GC invocations=2950 (full 7):
 PSYoungGen      total 5632K, used 896K [0x00000000d5580000, 0x00000000d5c80000, 0x0000000100000000)
  eden space 4096K, 0% used [0x00000000d5580000,0x00000000d5580000,0x00000000d5980000)
  from space 1536K, 58% used [0x00000000d5980000,0x00000000d5a60000,0x00000000d5b00000)
  to   space 1536K, 0% used [0x00000000d5b00000,0x00000000d5b00000,0x00000000d5c80000)
 ParOldGen       total 276480K, used 276121K [0x0000000080000000, 0x0000000090e00000, 0x00000000d5580000)
  object space 276480K, 99% used [0x0000000080000000,0x0000000090da64a0,0x0000000090e00000)
 Metaspace       used 83116K, committed 84672K, reserved 1179648K
  class space    used 8222K, committed 9024K, reserved 1048576K
}
Event: 4193.431 GC heap before
{Heap before GC invocations=2951 (full 7):
 PSYoungGen      total 5632K, used 4992K [0x00000000d5580000, 0x00000000d5c80000, 0x0000000100000000)
  eden space 4096K, 100% used [0x00000000d5580000,0x00000000d5980000,0x00000000d5980000)
  from space 1536K, 58% used [0x00000000d5980000,0x00000000d5a60000,0x00000000d5b00000)
  to   space 1536K, 0% used [0x00000000d5b00000,0x00000000d5b00000,0x00000000d5c80000)
 ParOldGen       total 276480K, used 276121K [0x0000000080000000, 0x0000000090e00000, 0x00000000d5580000)
  object space 276480K, 99% used [0x0000000080000000,0x0000000090da64a0,0x0000000090e00000)
 Metaspace       used 83121K, committed 84672K, reserved 1179648K
  class space    used 8222K, committed 9024K, reserved 1048576K
}
Event: 4193.438 GC heap after
{Heap after GC invocations=2951 (full 7):
 PSYoungGen      total 5632K, used 1056K [0x00000000d5580000, 0x00000000d5c80000, 0x0000000100000000)
  eden space 4096K, 0% used [0x00000000d5580000,0x00000000d5580000,0x00000000d5980000)
  from space 1536K, 68% used [0x00000000d5b00000,0x00000000d5c08000,0x00000000d5c80000)
  to   space 1536K, 0% used [0x00000000d5980000,0x00000000d5980000,0x00000000d5b00000)
 ParOldGen       total 276992K, used 276929K [0x0000000080000000, 0x0000000090e80000, 0x00000000d5580000)
  object space 276992K, 99% used [0x0000000080000000,0x0000000090e704a0,0x0000000090e80000)
 Metaspace       used 83121K, committed 84672K, reserved 1179648K
  class space    used 8222K, committed 9024K, reserved 1048576K
}
Event: 4193.623 GC heap before
{Heap before GC invocations=2952 (full 7):
 PSYoungGen      total 5632K, used 5140K [0x00000000d5580000, 0x00000000d5c80000, 0x0000000100000000)
  eden space 4096K, 99% used [0x00000000d5580000,0x00000000d597d110,0x00000000d5980000)
  from space 1536K, 68% used [0x00000000d5b00000,0x00000000d5c08000,0x00000000d5c80000)
  to   space 1536K, 0% used [0x00000000d5980000,0x00000000d5980000,0x00000000d5b00000)
 ParOldGen       total 276992K, used 276929K [0x0000000080000000, 0x0000000090e80000, 0x00000000d5580000)
  object space 276992K, 99% used [0x0000000080000000,0x0000000090e704a0,0x0000000090e80000)
 Metaspace       used 83132K, committed 84672K, reserved 1179648K
  class space    used 8222K, committed 9024K, reserved 1048576K
}
Event: 4193.631 GC heap after
{Heap after GC invocations=2952 (full 7):
 PSYoungGen      total 5120K, used 864K [0x00000000d5580000, 0x00000000d5b80000, 0x0000000100000000)
  eden space 4096K, 0% used [0x00000000d5580000,0x00000000d5580000,0x00000000d5980000)
  from space 1024K, 84% used [0x00000000d5980000,0x00000000d5a58000,0x00000000d5a80000)
  to   space 1024K, 0% used [0x00000000d5a80000,0x00000000d5a80000,0x00000000d5b80000)
 ParOldGen       total 278016K, used 277883K [0x0000000080000000, 0x0000000090f80000, 0x00000000d5580000)
  object space 278016K, 99% used [0x0000000080000000,0x0000000090f5ef70,0x0000000090f80000)
 Metaspace       used 83132K, committed 84672K, reserved 1179648K
  class space    used 8222K, committed 9024K, reserved 1048576K
}
Event: 4195.871 GC heap before
{Heap before GC invocations=2953 (full 7):
 PSYoungGen      total 5120K, used 4960K [0x00000000d5580000, 0x00000000d5b80000, 0x0000000100000000)
  eden space 4096K, 100% used [0x00000000d5580000,0x00000000d5980000,0x00000000d5980000)
  from space 1024K, 84% used [0x00000000d5980000,0x00000000d5a58000,0x00000000d5a80000)
  to   space 1024K, 0% used [0x00000000d5a80000,0x00000000d5a80000,0x00000000d5b80000)
 ParOldGen       total 278016K, used 277883K [0x0000000080000000, 0x0000000090f80000, 0x00000000d5580000)
  object space 278016K, 99% used [0x0000000080000000,0x0000000090f5ef70,0x0000000090f80000)
 Metaspace       used 83151K, committed 84736K, reserved 1179648K
  class space    used 8222K, committed 9024K, reserved 1048576K
}
Event: 4195.942 GC heap after
{Heap after GC invocations=2953 (full 7):
 PSYoungGen      total 5120K, used 512K [0x00000000d5580000, 0x00000000d5b80000, 0x0000000100000000)
  eden space 4096K, 0% used [0x00000000d5580000,0x00000000d5580000,0x00000000d5980000)
  from space 1024K, 50% used [0x00000000d5a80000,0x00000000d5b00000,0x00000000d5b80000)
  to   space 1024K, 0% used [0x00000000d5980000,0x00000000d5980000,0x00000000d5a80000)
 ParOldGen       total 279040K, used 278658K [0x0000000080000000, 0x0000000091080000, 0x00000000d5580000)
  object space 279040K, 99% used [0x0000000080000000,0x0000000091020ad8,0x0000000091080000)
 Metaspace       used 83151K, committed 84736K, reserved 1179648K
  class space    used 8222K, committed 9024K, reserved 1048576K
}

